<?xml version="1.0" encoding="UTF-8"?>
<!-- Generated by org.testng.reporters.JUnitReportReporter -->
<testsuite skipped="0" hostname="DESKTOP-KN642OP" name="com.qa.tricentis.tests.HomePageTest" tests="1" failures="0" timestamp="12 Oct 2023 04:11:44 GMT" time="5.223" errors="0">
  <testcase name="verifyCustomerServiceAndBlog" time="5.223" classname="com.qa.tricentis.tests.HomePageTest"/>
</testsuite> <!-- com.qa.tricentis.tests.HomePageTest -->
